CRITICAL - 2021-10-17 00:42:38 --> Class 'App\Models\logModel' not found
#0 C:\Users\lake\Documents\GitHub\MedicCorona\system\CodeIgniter.php(802): App\Controllers\Reservation_Management->getReservationInfo()
#1 C:\Users\lake\Documents\GitHub\MedicCorona\system\CodeIgniter.php(399): CodeIgniter\CodeIgniter->runController(Object(App\Controllers\Reservation_Management))
#2 C:\Users\lake\Documents\GitHub\MedicCorona\system\CodeIgniter.php(317): CodeIgniter\CodeIgniter->handleRequest(NULL, Object(Config\Cache), false)
#3 C:\Users\lake\Documents\GitHub\MedicCorona\public\index.php(38): CodeIgniter\CodeIgniter->run()
#4 C:\Users\lake\Documents\GitHub\MedicCorona\system\Commands\Server\rewrite.php(43): require_once('C:\\Users\\lake\\D...')
#5 {main}
CRITICAL - 2021-10-17 00:42:52 --> Class 'App\Models\logModel' not found
#0 C:\Users\lake\Documents\GitHub\MedicCorona\system\CodeIgniter.php(802): App\Controllers\Reservation_Management->getReservationInfo()
#1 C:\Users\lake\Documents\GitHub\MedicCorona\system\CodeIgniter.php(399): CodeIgniter\CodeIgniter->runController(Object(App\Controllers\Reservation_Management))
#2 C:\Users\lake\Documents\GitHub\MedicCorona\system\CodeIgniter.php(317): CodeIgniter\CodeIgniter->handleRequest(NULL, Object(Config\Cache), false)
#3 C:\Users\lake\Documents\GitHub\MedicCorona\public\index.php(38): CodeIgniter\CodeIgniter->run()
#4 C:\Users\lake\Documents\GitHub\MedicCorona\system\Commands\Server\rewrite.php(43): require_once('C:\\Users\\lake\\D...')
#5 {main}
CRITICAL - 2021-10-17 00:43:45 --> Class 'App\Models\LogModel' not found
#0 C:\Users\lake\Documents\GitHub\MedicCorona\system\CodeIgniter.php(802): App\Controllers\Reservation_Management->getReservationInfo()
#1 C:\Users\lake\Documents\GitHub\MedicCorona\system\CodeIgniter.php(399): CodeIgniter\CodeIgniter->runController(Object(App\Controllers\Reservation_Management))
#2 C:\Users\lake\Documents\GitHub\MedicCorona\system\CodeIgniter.php(317): CodeIgniter\CodeIgniter->handleRequest(NULL, Object(Config\Cache), false)
#3 C:\Users\lake\Documents\GitHub\MedicCorona\public\index.php(38): CodeIgniter\CodeIgniter->run()
#4 C:\Users\lake\Documents\GitHub\MedicCorona\system\Commands\Server\rewrite.php(43): require_once('C:\\Users\\lake\\D...')
#5 {main}
CRITICAL - 2021-10-17 00:43:56 --> Class 'App\Models\LogModel' not found
#0 C:\Users\lake\Documents\GitHub\MedicCorona\system\CodeIgniter.php(802): App\Controllers\Reservation_Management->getReservationInfo()
#1 C:\Users\lake\Documents\GitHub\MedicCorona\system\CodeIgniter.php(399): CodeIgniter\CodeIgniter->runController(Object(App\Controllers\Reservation_Management))
#2 C:\Users\lake\Documents\GitHub\MedicCorona\system\CodeIgniter.php(317): CodeIgniter\CodeIgniter->handleRequest(NULL, Object(Config\Cache), false)
#3 C:\Users\lake\Documents\GitHub\MedicCorona\public\index.php(38): CodeIgniter\CodeIgniter->run()
#4 C:\Users\lake\Documents\GitHub\MedicCorona\system\Commands\Server\rewrite.php(43): require_once('C:\\Users\\lake\\D...')
#5 {main}
CRITICAL - 2021-10-17 00:44:15 --> Class 'App\Models\LogModel' not found
#0 C:\Users\lake\Documents\GitHub\MedicCorona\system\CodeIgniter.php(802): App\Controllers\Reservation_Management->getReservationInfo()
#1 C:\Users\lake\Documents\GitHub\MedicCorona\system\CodeIgniter.php(399): CodeIgniter\CodeIgniter->runController(Object(App\Controllers\Reservation_Management))
#2 C:\Users\lake\Documents\GitHub\MedicCorona\system\CodeIgniter.php(317): CodeIgniter\CodeIgniter->handleRequest(NULL, Object(Config\Cache), false)
#3 C:\Users\lake\Documents\GitHub\MedicCorona\public\index.php(38): CodeIgniter\CodeIgniter->run()
#4 C:\Users\lake\Documents\GitHub\MedicCorona\system\Commands\Server\rewrite.php(43): require_once('C:\\Users\\lake\\D...')
#5 {main}
CRITICAL - 2021-10-17 00:44:38 --> Class 'App\Models\LogModel' not found
#0 C:\Users\lake\Documents\GitHub\MedicCorona\system\CodeIgniter.php(802): App\Controllers\Reservation_Management->getReservationInfo()
#1 C:\Users\lake\Documents\GitHub\MedicCorona\system\CodeIgniter.php(399): CodeIgniter\CodeIgniter->runController(Object(App\Controllers\Reservation_Management))
#2 C:\Users\lake\Documents\GitHub\MedicCorona\system\CodeIgniter.php(317): CodeIgniter\CodeIgniter->handleRequest(NULL, Object(Config\Cache), false)
#3 C:\Users\lake\Documents\GitHub\MedicCorona\public\index.php(38): CodeIgniter\CodeIgniter->run()
#4 C:\Users\lake\Documents\GitHub\MedicCorona\system\Commands\Server\rewrite.php(43): require_once('C:\\Users\\lake\\D...')
#5 {main}
CRITICAL - 2021-10-17 00:44:47 --> Class 'App\Models\LogModel' not found
#0 C:\Users\lake\Documents\GitHub\MedicCorona\system\CodeIgniter.php(802): App\Controllers\Reservation_Management->getReservationInfo()
#1 C:\Users\lake\Documents\GitHub\MedicCorona\system\CodeIgniter.php(399): CodeIgniter\CodeIgniter->runController(Object(App\Controllers\Reservation_Management))
#2 C:\Users\lake\Documents\GitHub\MedicCorona\system\CodeIgniter.php(317): CodeIgniter\CodeIgniter->handleRequest(NULL, Object(Config\Cache), false)
#3 C:\Users\lake\Documents\GitHub\MedicCorona\public\index.php(38): CodeIgniter\CodeIgniter->run()
#4 C:\Users\lake\Documents\GitHub\MedicCorona\system\Commands\Server\rewrite.php(43): require_once('C:\\Users\\lake\\D...')
#5 {main}
CRITICAL - 2021-10-17 00:46:07 --> Class 'App\Models\LogModel' not found
#0 C:\Users\lake\Documents\GitHub\MedicCorona\system\CodeIgniter.php(802): App\Controllers\Reservation_Management->getReservationInfo()
#1 C:\Users\lake\Documents\GitHub\MedicCorona\system\CodeIgniter.php(399): CodeIgniter\CodeIgniter->runController(Object(App\Controllers\Reservation_Management))
#2 C:\Users\lake\Documents\GitHub\MedicCorona\system\CodeIgniter.php(317): CodeIgniter\CodeIgniter->handleRequest(NULL, Object(Config\Cache), false)
#3 C:\Users\lake\Documents\GitHub\MedicCorona\public\index.php(38): CodeIgniter\CodeIgniter->run()
#4 C:\Users\lake\Documents\GitHub\MedicCorona\system\Commands\Server\rewrite.php(43): require_once('C:\\Users\\lake\\D...')
#5 {main}
CRITICAL - 2021-10-17 02:50:07 --> Argument 2 passed to view() must be of the type array, string given, called in C:\Users\lake\Documents\GitHub\MedicCorona\app\Controllers\Reservation_Management.php on line 79
#0 C:\Users\lake\Documents\GitHub\MedicCorona\app\Controllers\Reservation_Management.php(79): view('html/reservatio...', '12')
#1 C:\Users\lake\Documents\GitHub\MedicCorona\system\CodeIgniter.php(802): App\Controllers\Reservation_Management->detailReservationInfo()
#2 C:\Users\lake\Documents\GitHub\MedicCorona\system\CodeIgniter.php(399): CodeIgniter\CodeIgniter->runController(Object(App\Controllers\Reservation_Management))
#3 C:\Users\lake\Documents\GitHub\MedicCorona\system\CodeIgniter.php(317): CodeIgniter\CodeIgniter->handleRequest(NULL, Object(Config\Cache), false)
#4 C:\Users\lake\Documents\GitHub\MedicCorona\public\index.php(38): CodeIgniter\CodeIgniter->run()
#5 C:\Users\lake\Documents\GitHub\MedicCorona\system\Commands\Server\rewrite.php(43): require_once('C:\\Users\\lake\\D...')
#6 {main}
CRITICAL - 2021-10-17 02:56:33 --> Argument 2 passed to view() must be of the type array, string given, called in C:\Users\lake\Documents\GitHub\MedicCorona\app\Controllers\Reservation_Management.php on line 79
#0 C:\Users\lake\Documents\GitHub\MedicCorona\app\Controllers\Reservation_Management.php(79): view('html/reservatio...', '12')
#1 C:\Users\lake\Documents\GitHub\MedicCorona\system\CodeIgniter.php(802): App\Controllers\Reservation_Management->detailReservationInfo()
#2 C:\Users\lake\Documents\GitHub\MedicCorona\system\CodeIgniter.php(399): CodeIgniter\CodeIgniter->runController(Object(App\Controllers\Reservation_Management))
#3 C:\Users\lake\Documents\GitHub\MedicCorona\system\CodeIgniter.php(317): CodeIgniter\CodeIgniter->handleRequest(NULL, Object(Config\Cache), false)
#4 C:\Users\lake\Documents\GitHub\MedicCorona\public\index.php(38): CodeIgniter\CodeIgniter->run()
#5 C:\Users\lake\Documents\GitHub\MedicCorona\system\Commands\Server\rewrite.php(43): require_once('C:\\Users\\lake\\D...')
#6 {main}
CRITICAL - 2021-10-17 03:01:03 --> Argument 2 passed to view() must be of the type array, string given, called in C:\Users\lake\Documents\GitHub\MedicCorona\app\Controllers\Reservation_Management.php on line 80
#0 C:\Users\lake\Documents\GitHub\MedicCorona\app\Controllers\Reservation_Management.php(80): view('html/reservatio...', '12')
#1 C:\Users\lake\Documents\GitHub\MedicCorona\system\CodeIgniter.php(802): App\Controllers\Reservation_Management->detailReservationInfo()
#2 C:\Users\lake\Documents\GitHub\MedicCorona\system\CodeIgniter.php(399): CodeIgniter\CodeIgniter->runController(Object(App\Controllers\Reservation_Management))
#3 C:\Users\lake\Documents\GitHub\MedicCorona\system\CodeIgniter.php(317): CodeIgniter\CodeIgniter->handleRequest(NULL, Object(Config\Cache), false)
#4 C:\Users\lake\Documents\GitHub\MedicCorona\public\index.php(38): CodeIgniter\CodeIgniter->run()
#5 C:\Users\lake\Documents\GitHub\MedicCorona\system\Commands\Server\rewrite.php(43): require_once('C:\\Users\\lake\\D...')
#6 {main}
CRITICAL - 2021-10-17 03:01:28 --> Argument 2 passed to view() must be of the type array, string given, called in C:\Users\lake\Documents\GitHub\MedicCorona\app\Controllers\Reservation_Management.php on line 79
#0 C:\Users\lake\Documents\GitHub\MedicCorona\app\Controllers\Reservation_Management.php(79): view('html/reservatio...', '12')
#1 C:\Users\lake\Documents\GitHub\MedicCorona\system\CodeIgniter.php(802): App\Controllers\Reservation_Management->detailReservationInfo()
#2 C:\Users\lake\Documents\GitHub\MedicCorona\system\CodeIgniter.php(399): CodeIgniter\CodeIgniter->runController(Object(App\Controllers\Reservation_Management))
#3 C:\Users\lake\Documents\GitHub\MedicCorona\system\CodeIgniter.php(317): CodeIgniter\CodeIgniter->handleRequest(NULL, Object(Config\Cache), false)
#4 C:\Users\lake\Documents\GitHub\MedicCorona\public\index.php(38): CodeIgniter\CodeIgniter->run()
#5 C:\Users\lake\Documents\GitHub\MedicCorona\system\Commands\Server\rewrite.php(43): require_once('C:\\Users\\lake\\D...')
#6 {main}
CRITICAL - 2021-10-17 03:11:14 --> Call to undefined method CodeIgniter\HTTP\Response::serJSON()
#0 C:\Users\lake\Documents\GitHub\MedicCorona\system\CodeIgniter.php(802): App\Controllers\Reservation_Management->getDetailReservationInfo()
#1 C:\Users\lake\Documents\GitHub\MedicCorona\system\CodeIgniter.php(399): CodeIgniter\CodeIgniter->runController(Object(App\Controllers\Reservation_Management))
#2 C:\Users\lake\Documents\GitHub\MedicCorona\system\CodeIgniter.php(317): CodeIgniter\CodeIgniter->handleRequest(NULL, Object(Config\Cache), false)
#3 C:\Users\lake\Documents\GitHub\MedicCorona\public\index.php(38): CodeIgniter\CodeIgniter->run()
#4 C:\Users\lake\Documents\GitHub\MedicCorona\system\Commands\Server\rewrite.php(43): require_once('C:\\Users\\lake\\D...')
#5 {main}
CRITICAL - 2021-10-17 03:12:22 --> Call to undefined method CodeIgniter\HTTP\Response::serJSON()
#0 C:\Users\lake\Documents\GitHub\MedicCorona\system\CodeIgniter.php(802): App\Controllers\Reservation_Management->getDetailReservationInfo()
#1 C:\Users\lake\Documents\GitHub\MedicCorona\system\CodeIgniter.php(399): CodeIgniter\CodeIgniter->runController(Object(App\Controllers\Reservation_Management))
#2 C:\Users\lake\Documents\GitHub\MedicCorona\system\CodeIgniter.php(317): CodeIgniter\CodeIgniter->handleRequest(NULL, Object(Config\Cache), false)
#3 C:\Users\lake\Documents\GitHub\MedicCorona\public\index.php(38): CodeIgniter\CodeIgniter->run()
#4 C:\Users\lake\Documents\GitHub\MedicCorona\system\Commands\Server\rewrite.php(43): require_once('C:\\Users\\lake\\D...')
#5 {main}
CRITICAL - 2021-10-17 03:13:10 --> Call to undefined method CodeIgniter\HTTP\Response::serJSON()
#0 C:\Users\lake\Documents\GitHub\MedicCorona\system\CodeIgniter.php(802): App\Controllers\Reservation_Management->getDetailReservationInfo()
#1 C:\Users\lake\Documents\GitHub\MedicCorona\system\CodeIgniter.php(399): CodeIgniter\CodeIgniter->runController(Object(App\Controllers\Reservation_Management))
#2 C:\Users\lake\Documents\GitHub\MedicCorona\system\CodeIgniter.php(317): CodeIgniter\CodeIgniter->handleRequest(NULL, Object(Config\Cache), false)
#3 C:\Users\lake\Documents\GitHub\MedicCorona\public\index.php(38): CodeIgniter\CodeIgniter->run()
#4 C:\Users\lake\Documents\GitHub\MedicCorona\system\Commands\Server\rewrite.php(43): require_once('C:\\Users\\lake\\D...')
#5 {main}
CRITICAL - 2021-10-17 03:13:16 --> Call to undefined method CodeIgniter\HTTP\Response::serJSON()
#0 C:\Users\lake\Documents\GitHub\MedicCorona\system\CodeIgniter.php(802): App\Controllers\Reservation_Management->getDetailReservationInfo()
#1 C:\Users\lake\Documents\GitHub\MedicCorona\system\CodeIgniter.php(399): CodeIgniter\CodeIgniter->runController(Object(App\Controllers\Reservation_Management))
#2 C:\Users\lake\Documents\GitHub\MedicCorona\system\CodeIgniter.php(317): CodeIgniter\CodeIgniter->handleRequest(NULL, Object(Config\Cache), false)
#3 C:\Users\lake\Documents\GitHub\MedicCorona\public\index.php(38): CodeIgniter\CodeIgniter->run()
#4 C:\Users\lake\Documents\GitHub\MedicCorona\system\Commands\Server\rewrite.php(43): require_once('C:\\Users\\lake\\D...')
#5 {main}
ERROR - 2021-10-17 03:31:46 --> Column 'reservation_idx' in where clause is ambiguous
CRITICAL - 2021-10-17 03:31:46 --> Column 'reservation_idx' in where clause is ambiguous
#0 C:\Users\lake\Documents\GitHub\MedicCorona\system\Database\MySQLi\Connection.php(280): mysqli->query('SELECT `r`.*, `...')
#1 C:\Users\lake\Documents\GitHub\MedicCorona\system\Database\BaseConnection.php(663): CodeIgniter\Database\MySQLi\Connection->execute('SELECT `r`.*, `...')
#2 C:\Users\lake\Documents\GitHub\MedicCorona\system\Database\BaseConnection.php(591): CodeIgniter\Database\BaseConnection->simpleQuery('SELECT `r`.*, `...')
#3 C:\Users\lake\Documents\GitHub\MedicCorona\system\Database\BaseBuilder.php(1428): CodeIgniter\Database\BaseConnection->query('SELECT `r`.*, `...', Array, false)
#4 C:\Users\lake\Documents\GitHub\MedicCorona\system\Model.php(720): CodeIgniter\Database\BaseBuilder->get()
#5 C:\Users\lake\Documents\GitHub\MedicCorona\app\Controllers\Reservation_Management.php(99): CodeIgniter\Model->__call('get', Array)
#6 C:\Users\lake\Documents\GitHub\MedicCorona\system\CodeIgniter.php(802): App\Controllers\Reservation_Management->getDetailReservationInfo()
#7 C:\Users\lake\Documents\GitHub\MedicCorona\system\CodeIgniter.php(399): CodeIgniter\CodeIgniter->runController(Object(App\Controllers\Reservation_Management))
#8 C:\Users\lake\Documents\GitHub\MedicCorona\system\CodeIgniter.php(317): CodeIgniter\CodeIgniter->handleRequest(NULL, Object(Config\Cache), false)
#9 C:\Users\lake\Documents\GitHub\MedicCorona\public\index.php(38): CodeIgniter\CodeIgniter->run()
#10 C:\Users\lake\Documents\GitHub\MedicCorona\system\Commands\Server\rewrite.php(43): require_once('C:\\Users\\lake\\D...')
#11 {main}
ERROR - 2021-10-17 03:31:54 --> Column 'reservation_idx' in where clause is ambiguous
CRITICAL - 2021-10-17 03:31:54 --> Column 'reservation_idx' in where clause is ambiguous
#0 C:\Users\lake\Documents\GitHub\MedicCorona\system\Database\MySQLi\Connection.php(280): mysqli->query('SELECT `r`.*, `...')
#1 C:\Users\lake\Documents\GitHub\MedicCorona\system\Database\BaseConnection.php(663): CodeIgniter\Database\MySQLi\Connection->execute('SELECT `r`.*, `...')
#2 C:\Users\lake\Documents\GitHub\MedicCorona\system\Database\BaseConnection.php(591): CodeIgniter\Database\BaseConnection->simpleQuery('SELECT `r`.*, `...')
#3 C:\Users\lake\Documents\GitHub\MedicCorona\system\Database\BaseBuilder.php(1428): CodeIgniter\Database\BaseConnection->query('SELECT `r`.*, `...', Array, false)
#4 C:\Users\lake\Documents\GitHub\MedicCorona\system\Model.php(720): CodeIgniter\Database\BaseBuilder->get()
#5 C:\Users\lake\Documents\GitHub\MedicCorona\app\Controllers\Reservation_Management.php(99): CodeIgniter\Model->__call('get', Array)
#6 C:\Users\lake\Documents\GitHub\MedicCorona\system\CodeIgniter.php(802): App\Controllers\Reservation_Management->getDetailReservationInfo()
#7 C:\Users\lake\Documents\GitHub\MedicCorona\system\CodeIgniter.php(399): CodeIgniter\CodeIgniter->runController(Object(App\Controllers\Reservation_Management))
#8 C:\Users\lake\Documents\GitHub\MedicCorona\system\CodeIgniter.php(317): CodeIgniter\CodeIgniter->handleRequest(NULL, Object(Config\Cache), false)
#9 C:\Users\lake\Documents\GitHub\MedicCorona\public\index.php(38): CodeIgniter\CodeIgniter->run()
#10 C:\Users\lake\Documents\GitHub\MedicCorona\system\Commands\Server\rewrite.php(43): require_once('C:\\Users\\lake\\D...')
#11 {main}
CRITICAL - 2021-10-17 04:18:00 --> Undefined offset: 0
#0 C:\Users\lake\Documents\GitHub\MedicCorona\app\Controllers\Reservation_Management.php(101): CodeIgniter\Debug\Exceptions->errorHandler(8, 'Undefined offse...', 'C:\\Users\\lake\\D...', 101, Array)
#1 C:\Users\lake\Documents\GitHub\MedicCorona\system\CodeIgniter.php(802): App\Controllers\Reservation_Management->getDetailReservationInfo()
#2 C:\Users\lake\Documents\GitHub\MedicCorona\system\CodeIgniter.php(399): CodeIgniter\CodeIgniter->runController(Object(App\Controllers\Reservation_Management))
#3 C:\Users\lake\Documents\GitHub\MedicCorona\system\CodeIgniter.php(317): CodeIgniter\CodeIgniter->handleRequest(NULL, Object(Config\Cache), false)
#4 C:\Users\lake\Documents\GitHub\MedicCorona\public\index.php(38): CodeIgniter\CodeIgniter->run()
#5 C:\Users\lake\Documents\GitHub\MedicCorona\system\Commands\Server\rewrite.php(43): require_once('C:\\Users\\lake\\D...')
#6 {main}
ERROR - 2021-10-17 04:18:25 --> Unknown column 'allow_reservation.deleted_at' in 'where clause'
CRITICAL - 2021-10-17 04:18:25 --> Unknown column 'allow_reservation.deleted_at' in 'where clause'
#0 C:\Users\lake\Documents\GitHub\MedicCorona\system\Database\MySQLi\Connection.php(280): mysqli->query('SELECT COUNT(*)...')
#1 C:\Users\lake\Documents\GitHub\MedicCorona\system\Database\BaseConnection.php(663): CodeIgniter\Database\MySQLi\Connection->execute('SELECT COUNT(*)...')
#2 C:\Users\lake\Documents\GitHub\MedicCorona\system\Database\BaseConnection.php(591): CodeIgniter\Database\BaseConnection->simpleQuery('SELECT COUNT(*)...')
#3 C:\Users\lake\Documents\GitHub\MedicCorona\system\Database\BaseBuilder.php(1512): CodeIgniter\Database\BaseConnection->query('SELECT COUNT(*)...', Array, false)
#4 C:\Users\lake\Documents\GitHub\MedicCorona\system\Model.php(509): CodeIgniter\Database\BaseBuilder->countAllResults(true)
#5 C:\Users\lake\Documents\GitHub\MedicCorona\system\Model.php(592): CodeIgniter\Model->countAllResults()
#6 C:\Users\lake\Documents\GitHub\MedicCorona\system\BaseModel.php(655): CodeIgniter\Model->shouldUpdate(Array)
#7 C:\Users\lake\Documents\GitHub\MedicCorona\app\Controllers\Reservation_Management.php(108): CodeIgniter\BaseModel->save(Array)
#8 C:\Users\lake\Documents\GitHub\MedicCorona\system\CodeIgniter.php(802): App\Controllers\Reservation_Management->allowReservationRequest()
#9 C:\Users\lake\Documents\GitHub\MedicCorona\system\CodeIgniter.php(399): CodeIgniter\CodeIgniter->runController(Object(App\Controllers\Reservation_Management))
#10 C:\Users\lake\Documents\GitHub\MedicCorona\system\CodeIgniter.php(317): CodeIgniter\CodeIgniter->handleRequest(NULL, Object(Config\Cache), false)
#11 C:\Users\lake\Documents\GitHub\MedicCorona\public\index.php(38): CodeIgniter\CodeIgniter->run()
#12 C:\Users\lake\Documents\GitHub\MedicCorona\system\Commands\Server\rewrite.php(43): require_once('C:\\Users\\lake\\D...')
#13 {main}
ERROR - 2021-10-17 04:19:18 --> Unknown column 'allow_reservation.deleted_at' in 'where clause'
CRITICAL - 2021-10-17 04:19:18 --> Unknown column 'allow_reservation.deleted_at' in 'where clause'
#0 C:\Users\lake\Documents\GitHub\MedicCorona\system\Database\MySQLi\Connection.php(280): mysqli->query('SELECT COUNT(*)...')
#1 C:\Users\lake\Documents\GitHub\MedicCorona\system\Database\BaseConnection.php(663): CodeIgniter\Database\MySQLi\Connection->execute('SELECT COUNT(*)...')
#2 C:\Users\lake\Documents\GitHub\MedicCorona\system\Database\BaseConnection.php(591): CodeIgniter\Database\BaseConnection->simpleQuery('SELECT COUNT(*)...')
#3 C:\Users\lake\Documents\GitHub\MedicCorona\system\Database\BaseBuilder.php(1512): CodeIgniter\Database\BaseConnection->query('SELECT COUNT(*)...', Array, false)
#4 C:\Users\lake\Documents\GitHub\MedicCorona\system\Model.php(509): CodeIgniter\Database\BaseBuilder->countAllResults(true)
#5 C:\Users\lake\Documents\GitHub\MedicCorona\system\Model.php(592): CodeIgniter\Model->countAllResults()
#6 C:\Users\lake\Documents\GitHub\MedicCorona\system\BaseModel.php(655): CodeIgniter\Model->shouldUpdate(Array)
#7 C:\Users\lake\Documents\GitHub\MedicCorona\app\Controllers\Reservation_Management.php(108): CodeIgniter\BaseModel->save(Array)
#8 C:\Users\lake\Documents\GitHub\MedicCorona\system\CodeIgniter.php(802): App\Controllers\Reservation_Management->allowReservationRequest()
#9 C:\Users\lake\Documents\GitHub\MedicCorona\system\CodeIgniter.php(399): CodeIgniter\CodeIgniter->runController(Object(App\Controllers\Reservation_Management))
#10 C:\Users\lake\Documents\GitHub\MedicCorona\system\CodeIgniter.php(317): CodeIgniter\CodeIgniter->handleRequest(NULL, Object(Config\Cache), false)
#11 C:\Users\lake\Documents\GitHub\MedicCorona\public\index.php(38): CodeIgniter\CodeIgniter->run()
#12 C:\Users\lake\Documents\GitHub\MedicCorona\system\Commands\Server\rewrite.php(43): require_once('C:\\Users\\lake\\D...')
#13 {main}
